Node :[7] - Mining Success :  Block ID:[8] Parent ID: [0]
Node :[33] - Mining Success :  Block ID:[79] Parent ID: [8]
Node :[20] - Mining Success :  Block ID:[87] Parent ID: [79]
Node :[38] - Mining Success :  Block ID:[149] Parent ID: [87]
Node :[5] - Mining Success :  Block ID:[181] Parent ID: [149]
Node :[13] - Mining Success :  Block ID:[218] Parent ID: [181]
Node :[11] - Mining Success :  Block ID:[265] Parent ID: [218]
Node :[36] - Mining Success :  Block ID:[312] Parent ID: [265]
Node :[23] - Mining Success :  Block ID:[329] Parent ID: [312]
Node :[39] - Mining Success :  Block ID:[365] Parent ID: [329]
Node :[36] - Mining Success :  Block ID:[428] Parent ID: [365]
Node :[21] - Mining Success :  Block ID:[476] Parent ID: [428]
Node :[7] - Mining Success :  Block ID:[482] Parent ID: [476]
Node :[39] - Mining Success :  Block ID:[530] Parent ID: [482]
Node :[4] - Mining Success :  Block ID:[562] Parent ID: [530]
Node :[27] - Mining Success :  Block ID:[618] Parent ID: [562]
Node :[9] - Mining Success :  Block ID:[647] Parent ID: [618]
Node :[5] - Mining Success :  Block ID:[711] Parent ID: [647]
Node :[1] - Mining Success :  Block ID:[751] Parent ID: [711]
Node :[2] - Mining Success :  Block ID:[764] Parent ID: [751]
Node :[22] - Mining Success :  Block ID:[829] Parent ID: [764]
Node :[2] - Mining Success :  Block ID:[861] Parent ID: [829]
Node :[27] - Mining Success :  Block ID:[885] Parent ID: [861]
Node :[23] - Mining Success :  Block ID:[924] Parent ID: [885]
Node :[19] - Mining Success :  Block ID:[1000] Parent ID: [924]
Node :[39] - Mining Success :  Block ID:[1007] Parent ID: [1000]
Node :[33] - Mining Success :  Block ID:[1080] Parent ID: [1007]
Node :[18] - Mining Success :  Block ID:[1117] Parent ID: [1080]
Node :[9] - Mining Success :  Block ID:[1135] Parent ID: [1117]
Node :[9] - Mining Success :  Block ID:[1161] Parent ID: [1135]
Node :[17] - Mining Success :  Block ID:[1225] Parent ID: [1161]
Node :[15] - Mining Success :  Block ID:[1270] Parent ID: [1225]
Node :[3] - Mining Success :  Block ID:[1291] Parent ID: [1270]
Node :[13] - Mining Success :  Block ID:[1339] Parent ID: [1291]
Node :[36] - Mining Success :  Block ID:[1392] Parent ID: [1339]
Node :[9] - Mining Success :  Block ID:[1418] Parent ID: [1392]
Node :[38] - Mining Success :  Block ID:[1443] Parent ID: [1418]
Node :[6] - Mining Success :  Block ID:[1507] Parent ID: [1443]
Node :[17] - Mining Success :  Block ID:[1545] Parent ID: [1507]
Node :[22] - Mining Success :  Block ID:[1567] Parent ID: [1545]
Node :[13] - Mining Success :  Block ID:[1619] Parent ID: [1567]
Node :[35] - Mining Success :  Block ID:[1642] Parent ID: [1619]
Node :[4] - Mining Success :  Block ID:[1698] Parent ID: [1642]
Node :[21] - Mining Success :  Block ID:[1753] Parent ID: [1698]
Node :[11] - Mining Success :  Block ID:[1792] Parent ID: [1753]
Node :[6] - Mining Success :  Block ID:[1823] Parent ID: [1792]
Node :[15] - Mining Success :  Block ID:[1868] Parent ID: [1823]
Node :[35] - Mining Success :  Block ID:[1890] Parent ID: [1868]
Node :[3] - Mining Success :  Block ID:[1935] Parent ID: [1890]
Node :[23] - Mining Success :  Block ID:[1973] Parent ID: [1935]
Node :[11] - Mining Success :  Block ID:[2021] Parent ID: [1973]
Node :[9] - Mining Success :  Block ID:[2052] Parent ID: [2021]
Node :[14] - Mining Success :  Block ID:[2108] Parent ID: [2052]
Node :[26] - Mining Success :  Block ID:[2126] Parent ID: [2108]
Node :[2] - Mining Success :  Block ID:[2170] Parent ID: [2126]
Node :[8] - Mining Success :  Block ID:[2209] Parent ID: [2170]
Node :[21] - Mining Success :  Block ID:[2279] Parent ID: [2209]
Node :[20] - Mining Success :  Block ID:[2295] Parent ID: [2279]
Node :[15] - Mining Success :  Block ID:[2323] Parent ID: [2295]
Node :[26] - Mining Success :  Block ID:[2364] Parent ID: [2323]
Node :[7] - Mining Success :  Block ID:[2429] Parent ID: [2364]
Node :[2] - Mining Success :  Block ID:[2461] Parent ID: [2429]
Node :[7] - Mining Success :  Block ID:[2508] Parent ID: [2461]
Node :[9] - Mining Success :  Block ID:[2526] Parent ID: [2508]
Node :[6] - Mining Success :  Block ID:[2584] Parent ID: [2526]
Node :[10] - Mining Success :  Block ID:[2629] Parent ID: [2584]
Node :[14] - Mining Success :  Block ID:[2645] Parent ID: [2629]
Node :[22] - Mining Success :  Block ID:[2684] Parent ID: [2645]
Node :[33] - Mining Success :  Block ID:[2760] Parent ID: [2684]
Node :[14] - Mining Success :  Block ID:[2787] Parent ID: [2760]
Node :[22] - Mining Success :  Block ID:[2804] Parent ID: [2787]
Node :[3] - Mining Success :  Block ID:[2856] Parent ID: [2804]
Node :[5] - Mining Success :  Block ID:[2910] Parent ID: [2856]
Node :[35] - Mining Success :  Block ID:[2945] Parent ID: [2910]
Node :[11] - Mining Success :  Block ID:[2981] Parent ID: [2945]
Node :[29] - Mining Success :  Block ID:[3038] Parent ID: [2981]
Node :[1] - Mining Success :  Block ID:[3072] Parent ID: [3038]
Node :[31] - Mining Success :  Block ID:[3089] Parent ID: [3072]
Node :[39] - Mining Success :  Block ID:[3130] Parent ID: [3089]
Node :[15] - Mining Success :  Block ID:[3174] Parent ID: [3130]
Node :[2] - Mining Success :  Block ID:[3215] Parent ID: [3174]
Node :[19] - Mining Success :  Block ID:[3278] Parent ID: [3215]
Node :[35] - Mining Success :  Block ID:[3309] Parent ID: [3278]
Node :[21] - Mining Success :  Block ID:[3360] Parent ID: [3309]
Node :[11] - Mining Success :  Block ID:[3393] Parent ID: [3360]
Node :[27] - Mining Success :  Block ID:[3413] Parent ID: [3393]
Node :[33] - Mining Success :  Block ID:[3480] Parent ID: [3413]
Node :[33] - Mining Success :  Block ID:[3481] Parent ID: [3480]
Node :[20] - Mining Success :  Block ID:[3527] Parent ID: [3481]
Node :[27] - Mining Success :  Block ID:[3575] Parent ID: [3527]
Node :[2] - Mining Success :  Block ID:[3611] Parent ID: [3575]
Node :[7] - Mining Success :  Block ID:[3668] Parent ID: [3611]
Node :[20] - Mining Success :  Block ID:[3685] Parent ID: [3668]
Node :[9] - Mining Success :  Block ID:[3744] Parent ID: [3685]
Node :[6] - Mining Success :  Block ID:[3784] Parent ID: [3744]
Node :[20] - Mining Success :  Block ID:[3817] Parent ID: [3784]
Node :[18] - Mining Success :  Block ID:[3878] Parent ID: [3817]
Executing Remaining Events in the queue
Node :[2] - Mining Success :  Block ID:[3903] Parent ID: [3878]
End of Simulation
Node ID: 0
Longest chain length : 98
No of mined blocks of each node in longest chain : 0 2 7 3 2 3 4 5 1 7 1 5 0 3 3 4 0 2 2 2 5 4 4 3 0 0 2 4 0 1 0 1 0 5 0 4 3 0 2 4 
Total No of Blocks mined by Slow Nodes :14
Total No of Blocks mined by Fast Nodes :84
Total No of Blocks mined by High hash power Nodes :96
Total No of Blocks mined by Low Hash power Nodes :2
Node ID: 1
Longest chain length : 98
No of mined blocks of each node in longest chain : 0 2 7 3 2 3 4 5 1 7 1 5 0 3 3 4 0 2 2 2 5 4 4 3 0 0 2 4 0 1 0 1 0 5 0 4 3 0 2 4 
Total No of Blocks mined by Slow Nodes :14
Total No of Blocks mined by Fast Nodes :84
Total No of Blocks mined by High hash power Nodes :96
Total No of Blocks mined by Low Hash power Nodes :2
Node ID: 2
Longest chain length : 98
No of mined blocks of each node in longest chain : 0 2 7 3 2 3 4 5 1 7 1 5 0 3 3 4 0 2 2 2 5 4 4 3 0 0 2 4 0 1 0 1 0 5 0 4 3 0 2 4 
Total No of Blocks mined by Slow Nodes :14
Total No of Blocks mined by Fast Nodes :84
Total No of Blocks mined by High hash power Nodes :96
Total No of Blocks mined by Low Hash power Nodes :2
Node ID: 3
Longest chain length : 98
No of mined blocks of each node in longest chain : 0 2 7 3 2 3 4 5 1 7 1 5 0 3 3 4 0 2 2 2 5 4 4 3 0 0 2 4 0 1 0 1 0 5 0 4 3 0 2 4 
Total No of Blocks mined by Slow Nodes :14
Total No of Blocks mined by Fast Nodes :84
Total No of Blocks mined by High hash power Nodes :96
Total No of Blocks mined by Low Hash power Nodes :2
Node ID: 4
Longest chain length : 98
No of mined blocks of each node in longest chain : 0 2 7 3 2 3 4 5 1 7 1 5 0 3 3 4 0 2 2 2 5 4 4 3 0 0 2 4 0 1 0 1 0 5 0 4 3 0 2 4 
Total No of Blocks mined by Slow Nodes :14
Total No of Blocks mined by Fast Nodes :84
Total No of Blocks mined by High hash power Nodes :96
Total No of Blocks mined by Low Hash power Nodes :2
Node ID: 5
Longest chain length : 98
No of mined blocks of each node in longest chain : 0 2 7 3 2 3 4 5 1 7 1 5 0 3 3 4 0 2 2 2 5 4 4 3 0 0 2 4 0 1 0 1 0 5 0 4 3 0 2 4 
Total No of Blocks mined by Slow Nodes :14
Total No of Blocks mined by Fast Nodes :84
Total No of Blocks mined by High hash power Nodes :96
Total No of Blocks mined by Low Hash power Nodes :2
Node ID: 6
Longest chain length : 98
No of mined blocks of each node in longest chain : 0 2 7 3 2 3 4 5 1 7 1 5 0 3 3 4 0 2 2 2 5 4 4 3 0 0 2 4 0 1 0 1 0 5 0 4 3 0 2 4 
Total No of Blocks mined by Slow Nodes :14
Total No of Blocks mined by Fast Nodes :84
Total No of Blocks mined by High hash power Nodes :96
Total No of Blocks mined by Low Hash power Nodes :2
Node ID: 7
Longest chain length : 98
No of mined blocks of each node in longest chain : 0 2 7 3 2 3 4 5 1 7 1 5 0 3 3 4 0 2 2 2 5 4 4 3 0 0 2 4 0 1 0 1 0 5 0 4 3 0 2 4 
Total No of Blocks mined by Slow Nodes :14
Total No of Blocks mined by Fast Nodes :84
Total No of Blocks mined by High hash power Nodes :96
Total No of Blocks mined by Low Hash power Nodes :2
Node ID: 8
Longest chain length : 98
No of mined blocks of each node in longest chain : 0 2 7 3 2 3 4 5 1 7 1 5 0 3 3 4 0 2 2 2 5 4 4 3 0 0 2 4 0 1 0 1 0 5 0 4 3 0 2 4 
Total No of Blocks mined by Slow Nodes :14
Total No of Blocks mined by Fast Nodes :84
Total No of Blocks mined by High hash power Nodes :96
Total No of Blocks mined by Low Hash power Nodes :2
Node ID: 9
Longest chain length : 98
No of mined blocks of each node in longest chain : 0 2 7 3 2 3 4 5 1 7 1 5 0 3 3 4 0 2 2 2 5 4 4 3 0 0 2 4 0 1 0 1 0 5 0 4 3 0 2 4 
Total No of Blocks mined by Slow Nodes :14
Total No of Blocks mined by Fast Nodes :84
Total No of Blocks mined by High hash power Nodes :96
Total No of Blocks mined by Low Hash power Nodes :2
Node ID: 10
Longest chain length : 98
No of mined blocks of each node in longest chain : 0 2 7 3 2 3 4 5 1 7 1 5 0 3 3 4 0 2 2 2 5 4 4 3 0 0 2 4 0 1 0 1 0 5 0 4 3 0 2 4 
Total No of Blocks mined by Slow Nodes :14
Total No of Blocks mined by Fast Nodes :84
Total No of Blocks mined by High hash power Nodes :96
Total No of Blocks mined by Low Hash power Nodes :2
Node ID: 11
Longest chain length : 98
No of mined blocks of each node in longest chain : 0 2 7 3 2 3 4 5 1 7 1 5 0 3 3 4 0 2 2 2 5 4 4 3 0 0 2 4 0 1 0 1 0 5 0 4 3 0 2 4 
Total No of Blocks mined by Slow Nodes :14
Total No of Blocks mined by Fast Nodes :84
Total No of Blocks mined by High hash power Nodes :96
Total No of Blocks mined by Low Hash power Nodes :2
Node ID: 12
Longest chain length : 98
No of mined blocks of each node in longest chain : 0 2 7 3 2 3 4 5 1 7 1 5 0 3 3 4 0 2 2 2 5 4 4 3 0 0 2 4 0 1 0 1 0 5 0 4 3 0 2 4 
Total No of Blocks mined by Slow Nodes :14
Total No of Blocks mined by Fast Nodes :84
Total No of Blocks mined by High hash power Nodes :96
Total No of Blocks mined by Low Hash power Nodes :2
Node ID: 13
Longest chain length : 98
No of mined blocks of each node in longest chain : 0 2 7 3 2 3 4 5 1 7 1 5 0 3 3 4 0 2 2 2 5 4 4 3 0 0 2 4 0 1 0 1 0 5 0 4 3 0 2 4 
Total No of Blocks mined by Slow Nodes :14
Total No of Blocks mined by Fast Nodes :84
Total No of Blocks mined by High hash power Nodes :96
Total No of Blocks mined by Low Hash power Nodes :2
Node ID: 14
Longest chain length : 98
No of mined blocks of each node in longest chain : 0 2 7 3 2 3 4 5 1 7 1 5 0 3 3 4 0 2 2 2 5 4 4 3 0 0 2 4 0 1 0 1 0 5 0 4 3 0 2 4 
Total No of Blocks mined by Slow Nodes :14
Total No of Blocks mined by Fast Nodes :84
Total No of Blocks mined by High hash power Nodes :96
Total No of Blocks mined by Low Hash power Nodes :2
Node ID: 15
Longest chain length : 98
No of mined blocks of each node in longest chain : 0 2 7 3 2 3 4 5 1 7 1 5 0 3 3 4 0 2 2 2 5 4 4 3 0 0 2 4 0 1 0 1 0 5 0 4 3 0 2 4 
Total No of Blocks mined by Slow Nodes :14
Total No of Blocks mined by Fast Nodes :84
Total No of Blocks mined by High hash power Nodes :96
Total No of Blocks mined by Low Hash power Nodes :2
Node ID: 16
Longest chain length : 98
No of mined blocks of each node in longest chain : 0 2 7 3 2 3 4 5 1 7 1 5 0 3 3 4 0 2 2 2 5 4 4 3 0 0 2 4 0 1 0 1 0 5 0 4 3 0 2 4 
Total No of Blocks mined by Slow Nodes :14
Total No of Blocks mined by Fast Nodes :84
Total No of Blocks mined by High hash power Nodes :96
Total No of Blocks mined by Low Hash power Nodes :2
Node ID: 17
Longest chain length : 98
No of mined blocks of each node in longest chain : 0 2 7 3 2 3 4 5 1 7 1 5 0 3 3 4 0 2 2 2 5 4 4 3 0 0 2 4 0 1 0 1 0 5 0 4 3 0 2 4 
Total No of Blocks mined by Slow Nodes :14
Total No of Blocks mined by Fast Nodes :84
Total No of Blocks mined by High hash power Nodes :96
Total No of Blocks mined by Low Hash power Nodes :2
Node ID: 18
Longest chain length : 98
No of mined blocks of each node in longest chain : 0 2 7 3 2 3 4 5 1 7 1 5 0 3 3 4 0 2 2 2 5 4 4 3 0 0 2 4 0 1 0 1 0 5 0 4 3 0 2 4 
Total No of Blocks mined by Slow Nodes :14
Total No of Blocks mined by Fast Nodes :84
Total No of Blocks mined by High hash power Nodes :96
Total No of Blocks mined by Low Hash power Nodes :2
Node ID: 19
Longest chain length : 98
No of mined blocks of each node in longest chain : 0 2 7 3 2 3 4 5 1 7 1 5 0 3 3 4 0 2 2 2 5 4 4 3 0 0 2 4 0 1 0 1 0 5 0 4 3 0 2 4 
Total No of Blocks mined by Slow Nodes :14
Total No of Blocks mined by Fast Nodes :84
Total No of Blocks mined by High hash power Nodes :96
Total No of Blocks mined by Low Hash power Nodes :2
Node ID: 20
Longest chain length : 98
No of mined blocks of each node in longest chain : 0 2 7 3 2 3 4 5 1 7 1 5 0 3 3 4 0 2 2 2 5 4 4 3 0 0 2 4 0 1 0 1 0 5 0 4 3 0 2 4 
Total No of Blocks mined by Slow Nodes :14
Total No of Blocks mined by Fast Nodes :84
Total No of Blocks mined by High hash power Nodes :96
Total No of Blocks mined by Low Hash power Nodes :2
Node ID: 21
Longest chain length : 98
No of mined blocks of each node in longest chain : 0 2 7 3 2 3 4 5 1 7 1 5 0 3 3 4 0 2 2 2 5 4 4 3 0 0 2 4 0 1 0 1 0 5 0 4 3 0 2 4 
Total No of Blocks mined by Slow Nodes :14
Total No of Blocks mined by Fast Nodes :84
Total No of Blocks mined by High hash power Nodes :96
Total No of Blocks mined by Low Hash power Nodes :2
Node ID: 22
Longest chain length : 98
No of mined blocks of each node in longest chain : 0 2 7 3 2 3 4 5 1 7 1 5 0 3 3 4 0 2 2 2 5 4 4 3 0 0 2 4 0 1 0 1 0 5 0 4 3 0 2 4 
Total No of Blocks mined by Slow Nodes :14
Total No of Blocks mined by Fast Nodes :84
Total No of Blocks mined by High hash power Nodes :96
Total No of Blocks mined by Low Hash power Nodes :2
Node ID: 23
Longest chain length : 98
No of mined blocks of each node in longest chain : 0 2 7 3 2 3 4 5 1 7 1 5 0 3 3 4 0 2 2 2 5 4 4 3 0 0 2 4 0 1 0 1 0 5 0 4 3 0 2 4 
Total No of Blocks mined by Slow Nodes :14
Total No of Blocks mined by Fast Nodes :84
Total No of Blocks mined by High hash power Nodes :96
Total No of Blocks mined by Low Hash power Nodes :2
Node ID: 24
Longest chain length : 98
No of mined blocks of each node in longest chain : 0 2 7 3 2 3 4 5 1 7 1 5 0 3 3 4 0 2 2 2 5 4 4 3 0 0 2 4 0 1 0 1 0 5 0 4 3 0 2 4 
Total No of Blocks mined by Slow Nodes :14
Total No of Blocks mined by Fast Nodes :84
Total No of Blocks mined by High hash power Nodes :96
Total No of Blocks mined by Low Hash power Nodes :2
Node ID: 25
Longest chain length : 98
No of mined blocks of each node in longest chain : 0 2 7 3 2 3 4 5 1 7 1 5 0 3 3 4 0 2 2 2 5 4 4 3 0 0 2 4 0 1 0 1 0 5 0 4 3 0 2 4 
Total No of Blocks mined by Slow Nodes :14
Total No of Blocks mined by Fast Nodes :84
Total No of Blocks mined by High hash power Nodes :96
Total No of Blocks mined by Low Hash power Nodes :2
Node ID: 26
Longest chain length : 98
No of mined blocks of each node in longest chain : 0 2 7 3 2 3 4 5 1 7 1 5 0 3 3 4 0 2 2 2 5 4 4 3 0 0 2 4 0 1 0 1 0 5 0 4 3 0 2 4 
Total No of Blocks mined by Slow Nodes :14
Total No of Blocks mined by Fast Nodes :84
Total No of Blocks mined by High hash power Nodes :96
Total No of Blocks mined by Low Hash power Nodes :2
Node ID: 27
Longest chain length : 98
No of mined blocks of each node in longest chain : 0 2 7 3 2 3 4 5 1 7 1 5 0 3 3 4 0 2 2 2 5 4 4 3 0 0 2 4 0 1 0 1 0 5 0 4 3 0 2 4 
Total No of Blocks mined by Slow Nodes :14
Total No of Blocks mined by Fast Nodes :84
Total No of Blocks mined by High hash power Nodes :96
Total No of Blocks mined by Low Hash power Nodes :2
Node ID: 28
Longest chain length : 98
No of mined blocks of each node in longest chain : 0 2 7 3 2 3 4 5 1 7 1 5 0 3 3 4 0 2 2 2 5 4 4 3 0 0 2 4 0 1 0 1 0 5 0 4 3 0 2 4 
Total No of Blocks mined by Slow Nodes :14
Total No of Blocks mined by Fast Nodes :84
Total No of Blocks mined by High hash power Nodes :96
Total No of Blocks mined by Low Hash power Nodes :2
Node ID: 29
Longest chain length : 98
No of mined blocks of each node in longest chain : 0 2 7 3 2 3 4 5 1 7 1 5 0 3 3 4 0 2 2 2 5 4 4 3 0 0 2 4 0 1 0 1 0 5 0 4 3 0 2 4 
Total No of Blocks mined by Slow Nodes :14
Total No of Blocks mined by Fast Nodes :84
Total No of Blocks mined by High hash power Nodes :96
Total No of Blocks mined by Low Hash power Nodes :2
Node ID: 30
Longest chain length : 98
No of mined blocks of each node in longest chain : 0 2 7 3 2 3 4 5 1 7 1 5 0 3 3 4 0 2 2 2 5 4 4 3 0 0 2 4 0 1 0 1 0 5 0 4 3 0 2 4 
Total No of Blocks mined by Slow Nodes :14
Total No of Blocks mined by Fast Nodes :84
Total No of Blocks mined by High hash power Nodes :96
Total No of Blocks mined by Low Hash power Nodes :2
Node ID: 31
Longest chain length : 98
No of mined blocks of each node in longest chain : 0 2 7 3 2 3 4 5 1 7 1 5 0 3 3 4 0 2 2 2 5 4 4 3 0 0 2 4 0 1 0 1 0 5 0 4 3 0 2 4 
Total No of Blocks mined by Slow Nodes :14
Total No of Blocks mined by Fast Nodes :84
Total No of Blocks mined by High hash power Nodes :96
Total No of Blocks mined by Low Hash power Nodes :2
Node ID: 32
Longest chain length : 98
No of mined blocks of each node in longest chain : 0 2 7 3 2 3 4 5 1 7 1 5 0 3 3 4 0 2 2 2 5 4 4 3 0 0 2 4 0 1 0 1 0 5 0 4 3 0 2 4 
Total No of Blocks mined by Slow Nodes :14
Total No of Blocks mined by Fast Nodes :84
Total No of Blocks mined by High hash power Nodes :96
Total No of Blocks mined by Low Hash power Nodes :2
Node ID: 33
Longest chain length : 98
No of mined blocks of each node in longest chain : 0 2 7 3 2 3 4 5 1 7 1 5 0 3 3 4 0 2 2 2 5 4 4 3 0 0 2 4 0 1 0 1 0 5 0 4 3 0 2 4 
Total No of Blocks mined by Slow Nodes :14
Total No of Blocks mined by Fast Nodes :84
Total No of Blocks mined by High hash power Nodes :96
Total No of Blocks mined by Low Hash power Nodes :2
Node ID: 34
Longest chain length : 98
No of mined blocks of each node in longest chain : 0 2 7 3 2 3 4 5 1 7 1 5 0 3 3 4 0 2 2 2 5 4 4 3 0 0 2 4 0 1 0 1 0 5 0 4 3 0 2 4 
Total No of Blocks mined by Slow Nodes :14
Total No of Blocks mined by Fast Nodes :84
Total No of Blocks mined by High hash power Nodes :96
Total No of Blocks mined by Low Hash power Nodes :2
Node ID: 35
Longest chain length : 98
No of mined blocks of each node in longest chain : 0 2 7 3 2 3 4 5 1 7 1 5 0 3 3 4 0 2 2 2 5 4 4 3 0 0 2 4 0 1 0 1 0 5 0 4 3 0 2 4 
Total No of Blocks mined by Slow Nodes :14
Total No of Blocks mined by Fast Nodes :84
Total No of Blocks mined by High hash power Nodes :96
Total No of Blocks mined by Low Hash power Nodes :2
Node ID: 36
Longest chain length : 98
No of mined blocks of each node in longest chain : 0 2 7 3 2 3 4 5 1 7 1 5 0 3 3 4 0 2 2 2 5 4 4 3 0 0 2 4 0 1 0 1 0 5 0 4 3 0 2 4 
Total No of Blocks mined by Slow Nodes :14
Total No of Blocks mined by Fast Nodes :84
Total No of Blocks mined by High hash power Nodes :96
Total No of Blocks mined by Low Hash power Nodes :2
Node ID: 37
Longest chain length : 98
No of mined blocks of each node in longest chain : 0 2 7 3 2 3 4 5 1 7 1 5 0 3 3 4 0 2 2 2 5 4 4 3 0 0 2 4 0 1 0 1 0 5 0 4 3 0 2 4 
Total No of Blocks mined by Slow Nodes :14
Total No of Blocks mined by Fast Nodes :84
Total No of Blocks mined by High hash power Nodes :96
Total No of Blocks mined by Low Hash power Nodes :2
Node ID: 38
Longest chain length : 98
No of mined blocks of each node in longest chain : 0 2 7 3 2 3 4 5 1 7 1 5 0 3 3 4 0 2 2 2 5 4 4 3 0 0 2 4 0 1 0 1 0 5 0 4 3 0 2 4 
Total No of Blocks mined by Slow Nodes :14
Total No of Blocks mined by Fast Nodes :84
Total No of Blocks mined by High hash power Nodes :96
Total No of Blocks mined by Low Hash power Nodes :2
Node ID: 39
Longest chain length : 98
No of mined blocks of each node in longest chain : 0 2 7 3 2 3 4 5 1 7 1 5 0 3 3 4 0 2 2 2 5 4 4 3 0 0 2 4 0 1 0 1 0 5 0 4 3 0 2 4 
Total No of Blocks mined by Slow Nodes :14
Total No of Blocks mined by Fast Nodes :84
Total No of Blocks mined by High hash power Nodes :96
Total No of Blocks mined by Low Hash power Nodes :2
Total No of mined blocks : 98
